make all --print-data-base --no-builtin-variables --no-builtin-rules --question
# GNU Make 4.3
# Built for x86_64-pc-linux-gnu
# Copyright (C) 1988-2020 Free Software Foundation, Inc.
# License GPLv3+: GNU GPL version 3 or later <http://gnu.org/licenses/gpl.html>
# This is free software: you are free to change and redistribute it.
# There is NO WARRANTY, to the extent permitted by law.

# Make data base, printed on Wed Oct 19 09:29:57 2022

# Variables

# environment
GDK_BACKEND = x11
# environment
LC_ALL = C
# environment
GNOME_SHELL_SESSION_MODE = ubuntu
# environment
SSH_AGENT_LAUNCHER = gnome-keyring
# environment
WM_OSTYPE = POSIX
# environment
CMAKE_PREFIX_PATH = /home/cesar/intel/oneapi/tbb/2021.5.0/env/..:/home/cesar/intel/oneapi/compiler/2022.0.1/linux/IntelDPCPP
# environment
WM_ARCH_OPTION = 64
# makefile (from 'makefile', line 2)
FFLAGS = 
# environment
WM_CXX = g++
# environment
LINK_FNL_SHARED = -z muldefs -L/opt/RogueWave/imsl/fnl-2021.0.0/rdh800in212x64/lib -L/home/cesar/intel/oneapi/mkl/2022.0.1/lib/intel64 -shared-intel -limsl -limslsuperlu -limslhpc_l -limsllapack_vendor -limslblas_vendor -limslmpistub -lmkl_intel_lp64 -lmkl_intel_thread -lmkl_core -lmkl_lapack95_lp64 -liomp5 -Xlinker -rpath -Xlinker /opt/RogueWave/imsl/fnl-2021.0.0/rdh800in212x64/lib -Xlinker -rpath -Xlinker /home/cesar/intel/oneapi/mkl/2022.0.1/lib/intel64
# environment
CCL_ROOT = /home/cesar/intel/oneapi/ccl/2021.5.0
# environment
LC_NAME = pt_BR.UTF-8
# environment
LC_NUMERIC = en_US.UTF-8
# environment
LINK_F90_SHARED_HPC = -z muldefs -L/opt/RogueWave/imsl/fnl-2021.0.0/rdh800in212x64/lib -L/home/cesar/intel/oneapi/mkl/2022.0.1/lib/intel64 -shared-intel -limsl -limslsuperlu -limslhpc_l -limsllapack_vendor -limslblas_vendor -limslmpistub -lmkl_intel_lp64 -lmkl_intel_thread -lmkl_core -lmkl_lapack95_lp64 -liomp5 -Xlinker -rpath -Xlinker /opt/RogueWave/imsl/fnl-2021.0.0/rdh800in212x64/lib -Xlinker -rpath -Xlinker /home/cesar/intel/oneapi/mkl/2022.0.1/lib/intel64
# environment
VSCODE_CWD = /home/cesar
# environment
CMPLR_ROOT = /home/cesar/intel/oneapi/compiler/2022.0.1
# environment
FNL_OS_VERSION = Red Hat Enterprise Linux Server release 8.0 (Ootpa)
# environment
INSPECTOR_2022_DIR = /home/cesar/intel/oneapi/inspector/2022.0.0
# environment
WM_PRECISION_OPTION = DP
# environment
LC_ADDRESS = pt_BR.UTF-8
# default
MAKE_COMMAND := make
# environment
F90 = ifort
# environment
QT_ACCESSIBILITY = 1
# automatic
@D = $(patsubst %/,%,$(dir $@))
# environment
ParaView_MAJOR = 5.6
# environment
VSCODE_HANDLES_UNCAUGHT_ERRORS = true
# environment
WM_LABEL_OPTION = Int32
# default
.VARIABLES := 
# environment
LINK_FNL_SHARED_HPC = -z muldefs -L/opt/RogueWave/imsl/fnl-2021.0.0/rdh800in212x64/lib -L/home/cesar/intel/oneapi/mkl/2022.0.1/lib/intel64 -shared-intel -limsl -limslsuperlu -limslhpc_l -limsllapack_vendor -limslblas_vendor -limslmpistub -lmkl_intel_lp64 -lmkl_intel_thread -lmkl_core -lmkl_lapack95_lp64 -liomp5 -Xlinker -rpath -Xlinker /opt/RogueWave/imsl/fnl-2021.0.0/rdh800in212x64/lib -Xlinker -rpath -Xlinker /home/cesar/intel/oneapi/mkl/2022.0.1/lib/intel64
# environment
PWD = /home/cesar/Documents/UFF/Projetos/FIU/INVUNSTD/v3/software/SSKF
# automatic
%D = $(patsubst %/,%,$(dir $%))
# environment
PS1 = \[\033[31m\]$(__git_ps1 "(%s)")\[\033[01;34m\]\[\033[00m\]\[\e]0;\u@\h: \w\a\]${debian_chroot:+($debian_chroot)}\[\033[01;32m\]\u@\h\[\033[00m\]:\[\033[01;34m\]\W\[\033[00m\]\$
# environment
XDG_DATA_DIRS = /usr/share/ubuntu:/usr/local/share/:/usr/share/:/var/lib/snapd/desktop
# automatic
^D = $(patsubst %/,%,$(dir $^))
# automatic
%F = $(notdir $%)
# environment
VSCODE_CODE_CACHE_PATH = /home/cesar/.config/Code/CachedData/64bbfbf67ada9953918d72e1df2f4d8e537d340e
# environment
LANG = C
# environment
XAUTHORITY = /run/user/1000/.mutter-Xwaylandauth.PSHPT1
# default
.LOADED := 
# default
.INCLUDE_DIRS = /usr/local/include /usr/include /usr/include
# environment
LINK_MPIS = -z muldefs -L/opt/RogueWave/imsl/fnl-2021.0.0/rdh800in212x64/lib -L/home/cesar/intel/oneapi/mkl/2022.0.1/lib/intel64 -Bstatic -Wl,--start-group -limsl -limslsuperlu -limslhpc_s -limsllapack_vendor -limslblas_vendor -limsls_err -Wl,--end-group -Wl,--start-group -lmkl_intel_lp64 -lmkl_intel_thread -lmkl_core -lmkl_scalapack_lp64 -lmkl_blacs_intelmpi_lp64 -Wl,--end-group -Bdynamic -Xlinker -rpath -Xlinker /home/cesar/intel/oneapi/mkl/2022.0.1/lib/intel64
# environment
WM_PROJECT = OpenFOAM
# makefile
MAKEFLAGS = pqrR
# environment
PKG_CONFIG_PATH = /home/cesar/intel/oneapi/vtune/2022.0.0/include/pkgconfig/lib64:/home/cesar/intel/oneapi/tbb/2021.5.0/env/../lib/pkgconfig:/home/cesar/intel/oneapi/mpi/2021.5.0/lib/pkgconfig:/home/cesar/intel/oneapi/mkl/2022.0.1/lib/pkgconfig:/home/cesar/intel/oneapi/ippcp/2021.5.0/lib/pkgconfig:/home/cesar/intel/oneapi/inspector/2022.0.0/include/pkgconfig/lib64:/home/cesar/intel/oneapi/dpl/2021.6.0/lib/pkgconfig:/home/cesar/intel/oneapi/dnnl/2022.0.1/cpu_dpcpp_gpu_dpcpp/../lib/pkgconfig:/home/cesar/intel/oneapi/compiler/2022.0.1/lib/pkgconfig:/home/cesar/intel/oneapi/ccl/2021.5.0/lib/pkgconfig:/home/cesar/intel/oneapi/advisor/2022.0.0/include/pkgconfig/lib64:
# environment
DPL_ROOT = /home/cesar/intel/oneapi/dpl/2021.6.0
# environment
DBUS_STARTER_ADDRESS = unix:path=/run/user/1000/bus,guid=0bdff15f765eb46ea2e1bd30634fe3cf
# makefile
CURDIR := /home/cesar/Documents/UFF/Projetos/FIU/INVUNSTD/v3/software/SSKF
# environment
APPLICATION_INSIGHTS_NO_DIAGNOSTIC_CHANNEL = 1
# environment
LESSOPEN = | /usr/bin/lesspipe %s
# automatic
*D = $(patsubst %/,%,$(dir $*))
# environment
WM_COMPILE_OPTION = Opt
# environment
MFLAGS = -pqrR
# environment
SSH_AUTH_SOCK = /run/user/1000/keyring/ssh
# default
.SHELLFLAGS := -c
# environment
FOAM_SETTINGS = 
# environment
FOAM_RUN = /home/cesar/OpenFOAM/cesar-9/run
# environment
FOAM_APPBIN = /opt/openfoam9/platforms/linux64GccDPInt32Opt/bin
# environment
WAYLAND_DISPLAY = wayland-0
# environment
XDG_CONFIG_DIRS = /etc/xdg/xdg-ubuntu:/etc/xdg
# automatic
+D = $(patsubst %/,%,$(dir $+))
# environment
XDG_SESSION_DESKTOP = ubuntu
# environment
MPI_ARCH_PATH = 
# makefile (from 'makefile', line 1)
MAKEFILE_LIST := makefile
# environment
LINK_MPIS_HPC = -z muldefs -L/opt/RogueWave/imsl/fnl-2021.0.0/rdh800in212x64/lib -L/home/cesar/intel/oneapi/mkl/2022.0.1/lib/intel64 -Bstatic -Wl,--start-group -limsl -limslsuperlu -limslhpc_s -limsllapack_vendor -limslblas_vendor -limsls_err -Wl,--end-group -Wl,--start-group -lmkl_intel_lp64 -lmkl_intel_thread -lmkl_core -lmkl_scalapack_lp64 -lmkl_blacs_intelmpi_lp64 -Wl,--end-group -Bdynamic -Xlinker -rpath -Xlinker /home/cesar/intel/oneapi/mkl/2022.0.1/lib/intel64
# automatic
@F = $(notdir $@)
# environment
WM_COMPILER_TYPE = system
# environment
VSCODE_PID = 18067
# environment
FNL_DIR = /opt/RogueWave/imsl/fnl-2021.0.0
# environment
XDG_SESSION_TYPE = wayland
# environment
WM_LABEL_SIZE = 32
# automatic
?D = $(patsubst %/,%,$(dir $?))
# environment
DPCT_BUNDLE_ROOT = /home/cesar/intel/oneapi/dpcpp-ct/2022.0.0
# environment
FOAM_MPI = openmpi-system
# environment
WM_THIRD_PARTY_DIR = /opt/ThirdParty-9
# environment
SESSION_MANAGER = local/thinkpad:@/tmp/.ICE-unix/2063,unix/thinkpad:/tmp/.ICE-unix/2063
# automatic
*F = $(notdir $*)
# environment
VT_LIB_DIR = /home/cesar/intel/oneapi/itac/2021.5.0/lib
# environment
MANPATH = /home/cesar/intel/oneapi/mpi/2021.5.0/man:/home/cesar/intel/oneapi/itac/2021.5.0/man:/home/cesar/intel/oneapi/debugger/2021.5.0/documentation/man:/home/cesar/intel/oneapi/compiler/2022.0.1/documentation/en/man/common:/home/cesar/intel/oneapi/clck/2021.5.0/man:
# environment
CHROME_DESKTOP = code-url-handler.desktop
# environment
WM_MPLIB = SYSTEMOPENMPI
# environment
DBUS_SESSION_BUS_ADDRESS = unix:path=/run/user/1000/bus,guid=0bdff15f765eb46ea2e1bd30634fe3cf
# environment
INSIDE_NAUTILUS_PYTHON = 
# environment
FNL_EXAMPLES = /opt/RogueWave/imsl/fnl-2021.0.0/rdh800in212x64/examples
# automatic
<D = $(patsubst %/,%,$(dir $<))
# environment
FI_PROVIDER_PATH = /home/cesar/intel/oneapi/mpi/2021.5.0//libfabric/lib/prov:/usr/lib64/libfabric
# environment
VTUNE_PROFILER_2022_DIR = /home/cesar/intel/oneapi/vtune/2022.0.0
# environment
VSCODE_NLS_CONFIG = {"locale":"en-us","availableLanguages":{},"_languagePackSupport":true}
# environment
CCL_CONFIGURATION = cpu_gpu_dpcpp
# environment
CLCK_ROOT = /home/cesar/intel/oneapi/clck/2021.5.0
# environment
ONEAPI_ROOT = /home/cesar/intel/oneapi
# default
MAKE_HOST := x86_64-pc-linux-gnu
# environment
GNOME_DESKTOP_SESSION_ID = this-is-deprecated
# environment
INFOPATH = /home/cesar/intel/oneapi/debugger/2021.5.0/gdb/intel64/lib
# makefile
SHELL = /bin/sh
# environment
IPPCP_TARGET_ARCH = intel64
# environment
CLASSPATH = /home/cesar/intel/oneapi/mpi/2021.5.0//lib/mpi.jar
# default
MAKECMDGOALS := all
# environment
XMODIFIERS = @im=ibus
# environment
LD_LIBRARY_PATH = /opt/ThirdParty-9/platforms/linux64Gcc/gperftools-svn/lib:/opt/openfoam9/platforms/linux64GccDPInt32Opt/lib/paraview-5.6:/opt/paraviewopenfoam56/lib:/opt/openfoam9/platforms/linux64GccDPInt32Opt/lib/openmpi-system:/opt/ThirdParty-9/platforms/linux64GccDPInt32/lib/openmpi-system:/home/cesar/OpenFOAM/cesar-9/platforms/linux64GccDPInt32Opt/lib:/opt/site/9/platforms/linux64GccDPInt32Opt/lib:/opt/openfoam9/platforms/linux64GccDPInt32Opt/lib:/opt/ThirdParty-9/platforms/linux64GccDPInt32/lib:/opt/openfoam9/platforms/linux64GccDPInt32Opt/lib/dummy:/home/cesar/intel/oneapi/tbb/2021.5.0/env/../lib/intel64/gcc4.8:/home/cesar/intel/oneapi/mpi/2021.5.0//libfabric/lib:/home/cesar/intel/oneapi/mpi/2021.5.0//lib/release:/home/cesar/intel/oneapi/mpi/2021.5.0//lib:/home/cesar/intel/oneapi/mkl/2022.0.1/lib/intel64:/home/cesar/intel/oneapi/itac/2021.5.0/slib:/home/cesar/intel/oneapi/ipp/2021.5.1/lib/intel64:/home/cesar/intel/oneapi/ippcp/2021.5.0/lib/intel64:/home/cesar/intel/oneapi/dnnl/2022.0.1/cpu_dpcpp_gpu_dpcpp/lib:/home/cesar/intel/oneapi/debugger/2021.5.0/gdb/intel64/lib:/home/cesar/intel/oneapi/debugger/2021.5.0/libipt/intel64/lib:/home/cesar/intel/oneapi/debugger/2021.5.0/dep/lib:/home/cesar/intel/oneapi/compiler/2022.0.1/linux/lib:/home/cesar/intel/oneapi/compiler/2022.0.1/linux/lib/x64:/home/cesar/intel/oneapi/compiler/2022.0.1/linux/lib/oclfpga/host/linux64/lib:/home/cesar/intel/oneapi/compiler/2022.0.1/linux/compiler/lib/intel64_lin:/home/cesar/intel/oneapi/ccl/2021.5.0/lib/cpu_gpu_dpcpp
# environment
VT_ROOT = /home/cesar/intel/oneapi/itac/2021.5.0
# environment
SHLVL = 0
# environment
MPIF90 = mpif90
# environment
LINK_MPI_HPC = -z muldefs -L/opt/RogueWave/imsl/fnl-2021.0.0/rdh800in212x64/lib -L/home/cesar/intel/oneapi/mkl/2022.0.1/lib/intel64 -Bstatic -Wl,--start-group -limsl -limslsuperlu -limslhpc_s -limsllapack_vendor -limslblas_vendor -limslp_err -Wl,--end-group -Wl,--start-group -lmkl_intel_lp64 -lmkl_intel_thread -lmkl_core -lmkl_scalapack_lp64 -lmkl_blacs_intelmpi_lp64 -Wl,--end-group -Bdynamic -Xlinker -rpath -Xlinker /home/cesar/intel/oneapi/mkl/2022.0.1/lib/intel64
# environment
GCC_COLORS = error=01;31:warning=01;35:note=01;36:caret=01;32:locus=01:quote=01
# environment
MAKELEVEL := 0
# environment
IPPCRYPTOROOT = /home/cesar/intel/oneapi/ippcp/2021.5.0
# environment
IM_CONFIG_CHECK_ENV = 1
# environment
NLSPATH = /home/cesar/intel/oneapi/mkl/2022.0.1/lib/intel64/locale/%l_%t/%N:/home/cesar/intel/oneapi/compiler/2022.0.1/linux/compiler/lib/intel64_lin/locale/%l_%t/%N
# default
MAKE = $(MAKE_COMMAND)
# makefile (from 'makefile', line 1)
FC = ifort
# environment
PATH = /home/cesar/.local/bin:/opt/ThirdParty-9/platforms/linux64Gcc/gperftools-svn/bin:/opt/paraviewopenfoam56/bin:/opt/ThirdParty-9/platforms/linux64Gcc/cmake-*/bin:/home/cesar/OpenFOAM/cesar-9/platforms/linux64GccDPInt32Opt/bin:/opt/site/9/platforms/linux64GccDPInt32Opt/bin:/opt/openfoam9/platforms/linux64GccDPInt32Opt/bin:/opt/openfoam9/bin:/opt/openfoam9/wmake:/home/cesar/intel/oneapi/vtune/2022.0.0/bin64:/home/cesar/intel/oneapi/mpi/2021.5.0//libfabric/bin:/home/cesar/intel/oneapi/mpi/2021.5.0//bin:/home/cesar/intel/oneapi/mkl/2022.0.1/bin/intel64:/home/cesar/intel/oneapi/itac/2021.5.0/bin:/home/cesar/intel/oneapi/inspector/2022.0.0/bin64:/home/cesar/intel/oneapi/dpcpp-ct/2022.0.0/bin:/home/cesar/intel/oneapi/dev-utilities/2021.5.1/bin:/home/cesar/intel/oneapi/debugger/2021.5.0/gdb/intel64/bin:/home/cesar/intel/oneapi/compiler/2022.0.1/linux/lib/oclfpga/bin:/home/cesar/intel/oneapi/compiler/2022.0.1/linux/bin/intel64:/home/cesar/intel/oneapi/compiler/2022.0.1/linux/bin:/home/cesar/intel/oneapi/clck/2021.5.0/bin/intel64:/home/cesar/intel/oneapi/advisor/2022.0.0/bin64:/home/cesar/.local/bin:/usr/local/sbin:/usr/local/bin:/usr/sbin:/usr/bin:/sbin:/bin:/usr/games:/usr/local/games:/snap/bin
# environment
MPIRUN = mpiexec
# default
MAKEFILES := 
# environment
FOAM_SITE_APPBIN = /opt/site/9/platforms/linux64GccDPInt32Opt/bin
# environment
ParaView_GL = mesa
# environment
LC_MONETARY = pt_BR.UTF-8
# automatic
^F = $(notdir $^)
# environment
WM_OPTIONS = linux64GccDPInt32Opt
# environment
FOAM_ETC = /opt/openfoam9/etc
# environment
LINK_FNL_STATIC = -z muldefs -L/opt/RogueWave/imsl/fnl-2021.0.0/rdh800in212x64/lib -L/home/cesar/intel/oneapi/mkl/2022.0.1/lib/intel64 -Bstatic -Wl,--start-group -limsl -limslsuperlu -limslhpc_l -limsllapack_vendor -limslblas_vendor -limsls_err -limslmpistub -Wl,--end-group -Wl,--start-group -lmkl_intel_lp64 -lmkl_intel_thread -lmkl_core -Wl,--end-group -liomp5 -Bdynamic -Xlinker -rpath -Xlinker /home/cesar/intel/oneapi/mkl/2022.0.1/lib/intel64
# environment
OCL_ICD_FILENAMES = libintelocl_emu.so:libalteracl.so:/home/cesar/intel/oneapi/compiler/2022.0.1/linux/lib/x64/libintelocl.so
# environment
FOAM_INST_DIR = /opt
# environment
LC_TIME = pt_BR.UTF-8
# environment
LINK_F90_SHARED = -z muldefs -L/opt/RogueWave/imsl/fnl-2021.0.0/rdh800in212x64/lib -L/home/cesar/intel/oneapi/mkl/2022.0.1/lib/intel64 -shared-intel -limsl -limslsuperlu -limslhpc_l -limsllapack_vendor -limslblas_vendor -limslmpistub -lmkl_intel_lp64 -lmkl_intel_thread -lmkl_core -lmkl_lapack95_lp64 -liomp5 -Xlinker -rpath -Xlinker /opt/RogueWave/imsl/fnl-2021.0.0/rdh800in212x64/lib -Xlinker -rpath -Xlinker /home/cesar/intel/oneapi/mkl/2022.0.1/lib/intel64
# environment
WM_PROJECT_USER_DIR = /home/cesar/OpenFOAM/cesar-9
# environment
I_MPI_ROOT = /home/cesar/intel/oneapi/mpi/2021.5.0
# environment
LINK_FNL_STATIC_HPC = -z muldefs -L/opt/RogueWave/imsl/fnl-2021.0.0/rdh800in212x64/lib -L/home/cesar/intel/oneapi/mkl/2022.0.1/lib/intel64 -Bstatic -Wl,--start-group -limsl -limslsuperlu -limslhpc_l -limsllapack_vendor -limslblas_vendor -limsls_err -limslmpistub -Wl,--end-group -Wl,--start-group -lmkl_intel_lp64 -lmkl_intel_thread -lmkl_core -Wl,--end-group -liomp5 -Bdynamic -Xlinker -rpath -Xlinker /home/cesar/intel/oneapi/mkl/2022.0.1/lib/intel64
# environment
ParaView_VERSION = 5.6.3
 
# environment
INVOCATION_ID = 2a6b919d29ba451da5a12ede93db4039
# environment
FOAM_TUTORIALS = /opt/openfoam9/tutorials
# environment
FOAM_JOB_DIR = /opt/jobControl
# environment
IPP_TARGET_ARCH = intel64
# environment
USERNAME = cesar
# environment
LINK_FNL_IMSL = -L/opt/RogueWave/imsl/fnl-2021.0.0/rdh800in212x64/lib -Bdynamic -limsl -limslsuperlu -limslscalar -limslblas_imsl -limsllapack_imsl -limslmpistub -Xlinker -rpath -Xlinker /opt/RogueWave/imsl/fnl-2021.0.0/rdh800in212x64/lib
# environment
WM_CFLAGS = -m64 -fPIC
# environment
LINK_F90_STATIC = -z muldefs -L/opt/RogueWave/imsl/fnl-2021.0.0/rdh800in212x64/lib -L/home/cesar/intel/oneapi/mkl/2022.0.1/lib/intel64 -Bstatic -Wl,--start-group -limsl -limslsuperlu -limslhpc_l -limsllapack_vendor -limslblas_vendor -limsls_err -limslmpistub -Wl,--end-group -Wl,--start-group -lmkl_intel_lp64 -lmkl_intel_thread -lmkl_core -Wl,--end-group -liomp5 -Bdynamic -Xlinker -rpath -Xlinker /home/cesar/intel/oneapi/mkl/2022.0.1/lib/intel64
# environment
GNOME_SETUP_DISPLAY = :1
# environment
LC_TELEPHONE = pt_BR.UTF-8
# environment
LINK_F90_STATIC_HPC = -z muldefs -L/opt/RogueWave/imsl/fnl-2021.0.0/rdh800in212x64/lib -L/home/cesar/intel/oneapi/mkl/2022.0.1/lib/intel64 -Bstatic -Wl,--start-group -limsl -limslsuperlu -limslhpc_l -limsllapack_vendor -limslblas_vendor -limsls_err -limslmpistub -Wl,--end-group -Wl,--start-group -lmkl_intel_lp64 -lmkl_intel_thread -lmkl_core -Wl,--end-group -liomp5 -Bdynamic -Xlinker -rpath -Xlinker /home/cesar/intel/oneapi/mkl/2022.0.1/lib/intel64
# environment
LESSCLOSE = /usr/bin/lesspipe %s %s
# environment
FNL_F90_MSG = /opt/RogueWave/imsl/fnl-2021.0.0/rdh800in212x64/bin/
# automatic
?F = $(notdir $?)
# environment
ROGUEWAVE_DIR = /opt/RogueWave
# environment
INTELFPGAOCLSDKROOT = /home/cesar/intel/oneapi/compiler/2022.0.1/linux/lib/oclfpga
# environment
XDG_CURRENT_DESKTOP = Unity
# environment
MKLROOT = /home/cesar/intel/oneapi/mkl/2022.0.1
# environment
LS_COLORS = 
# automatic
+F = $(notdir $+)
# environment
DESKTOP_SESSION = ubuntu
# environment
FOAM_APP = /opt/openfoam9/applications
# environment
LINK_FNL_HPC = -z muldefs -L/opt/RogueWave/imsl/fnl-2021.0.0/rdh800in212x64/lib -L/home/cesar/intel/oneapi/mkl/2022.0.1/lib/intel64 -shared-intel -limsl -limslsuperlu -limslhpc_l -limsllapack_vendor -limslblas_vendor -limslmpistub -lmkl_intel_lp64 -lmkl_intel_thread -lmkl_core -lmkl_lapack95_lp64 -liomp5 -Xlinker -rpath -Xlinker /opt/RogueWave/imsl/fnl-2021.0.0/rdh800in212x64/lib -Xlinker -rpath -Xlinker /home/cesar/intel/oneapi/mkl/2022.0.1/lib/intel64
# environment
ORIGINAL_XDG_CURRENT_DESKTOP = ubuntu:GNOME
# environment
WM_PROJECT_DIR = /opt/openfoam9
# environment
PV_PLUGIN_PATH = /opt/openfoam9/platforms/linux64GccDPInt32Opt/lib/paraview-5.6
# 'override' directive
GNUMAKEFLAGS := 
# environment
FOAM_SIGFPE = 
# environment
LINK_MPI_IMSL = -L/opt/RogueWave/imsl/fnl-2021.0.0/rdh800in212x64/lib -Bstatic -Wl,--start-group -limsl -limslsuperlu -limslscalar -limsllapack_imsl -limslblas_imsl -limslp_err -Wl,--end-group -Bdynamic -Xlinker -rpath -Xlinker /home/cesar/intel/oneapi/mkl/2022.0.1/lib/intel64
# environment
CPATH = /home/cesar/intel/oneapi/tbb/2021.5.0/env/../include:/home/cesar/intel/oneapi/mpi/2021.5.0//include:/home/cesar/intel/oneapi/mkl/2022.0.1/include:/home/cesar/intel/oneapi/ipp/2021.5.1/include:/home/cesar/intel/oneapi/ippcp/2021.5.0/include:/home/cesar/intel/oneapi/ipp/2021.5.1/include:/home/cesar/intel/oneapi/dpl/2021.6.0/linux/include:/home/cesar/intel/oneapi/dpcpp-ct/2022.0.0/include:/home/cesar/intel/oneapi/dnnl/2022.0.1/cpu_dpcpp_gpu_dpcpp/lib:/home/cesar/intel/oneapi/dev-utilities/2021.5.1/include:/home/cesar/intel/oneapi/ccl/2021.5.0/include/cpu_gpu_dpcpp
# environment
LOGNAME = cesar
# environment
WM_PROJECT_INST_DIR = /opt
# environment
GIO_LAUNCHED_DESKTOP_FILE = /usr/share/applications/code.desktop
# environment
FOAM_USER_APPBIN = /home/cesar/OpenFOAM/cesar-9/platforms/linux64GccDPInt32Opt/bin
# environment
VT_MPI = impi4
# makefile
.DEFAULT_GOAL := all
# environment
SYSTEMD_EXEC_PID = 2063
# environment
DISPLAY = :0
# environment
USER = cesar
# environment
GTK_MODULES = gail:atk-bridge
# environment
FOAM_SOLVERS = /opt/openfoam9/applications/solvers
# environment
LIBRARY_PATH = /home/cesar/intel/oneapi/tbb/2021.5.0/env/../lib/intel64/gcc4.8:/home/cesar/intel/oneapi/mpi/2021.5.0//libfabric/lib:/home/cesar/intel/oneapi/mpi/2021.5.0//lib/release:/home/cesar/intel/oneapi/mpi/2021.5.0//lib:/home/cesar/intel/oneapi/mkl/2022.0.1/lib/intel64:/home/cesar/intel/oneapi/ipp/2021.5.1/lib/intel64:/home/cesar/intel/oneapi/ippcp/2021.5.0/lib/intel64:/home/cesar/intel/oneapi/ipp/2021.5.1/lib/intel64:/home/cesar/intel/oneapi/dnnl/2022.0.1/cpu_dpcpp_gpu_dpcpp/lib:/home/cesar/intel/oneapi/compiler/2022.0.1/linux/compiler/lib/intel64_lin:/home/cesar/intel/oneapi/compiler/2022.0.1/linux/lib:/home/cesar/intel/oneapi/clck/2021.5.0/lib/intel64:/home/cesar/intel/oneapi/ccl/2021.5.0/lib/cpu_gpu_dpcpp
# default
MAKE_VERSION := 4.3
# environment
LINK_MPI = -z muldefs -L/opt/RogueWave/imsl/fnl-2021.0.0/rdh800in212x64/lib -L/home/cesar/intel/oneapi/mkl/2022.0.1/lib/intel64 -Bstatic -Wl,--start-group -limsl -limslsuperlu -limslhpc_s -limsllapack_vendor -limslblas_vendor -limslp_err -Wl,--end-group -Wl,--start-group -lmkl_intel_lp64 -lmkl_intel_thread -lmkl_core -lmkl_scalapack_lp64 -lmkl_blacs_intelmpi_lp64 -Wl,--end-group -Bdynamic -Xlinker -rpath -Xlinker /home/cesar/intel/oneapi/mkl/2022.0.1/lib/intel64
# environment
FOAM_EXT_LIBBIN = /opt/ThirdParty-9/platforms/linux64GccDPInt32/lib
# environment
MANAGERPID = 1919
# environment
DBUS_STARTER_BUS_TYPE = session
# environment
WM_LDFLAGS = -m64
# environment
WM_LINK_LANGUAGE = c++
# environment
LINK_FNL_SHARED_IMSL = -L/opt/RogueWave/imsl/fnl-2021.0.0/rdh800in212x64/lib -Bdynamic -limsl -limslsuperlu -limslscalar -limslblas_imsl -limsllapack_imsl -limslmpistub -Xlinker -rpath -Xlinker /opt/RogueWave/imsl/fnl-2021.0.0/rdh800in212x64/lib
# environment
LC_MEASUREMENT = pt_BR.UTF-8
# environment
GIO_LAUNCHED_DESKTOP_FILE_PID = 18067
# environment
PYTHONPATH = /home/cesar/intel/oneapi/advisor/2022.0.0/pythonapi
# environment
INTEL_LICENSE_FILE = /opt/intel/licenses:/home/cesar/intel/licenses:/home/cesar/intel/oneapi/clck/2021.5.0/licensing:/opt/intel/licenses:/home/cesar/intel/licenses:/Users/Shared/Library/Application Support/Intel/Licenses
# environment
_ = /usr/share/code/code
# environment
LC_PAPER = pt_BR.UTF-8
# environment
LINK_FNL_STATIC_IMSL = -L/opt/RogueWave/imsl/fnl-2021.0.0/rdh800in212x64/lib -Bstatic -Wl,--start-group -limsl -limslsuperlu -limslscalar -limslblas_imsl -limsllapack_imsl -limsls_err -limslmpistub -Wl,--end-group -Bdynamic
# environment
XDG_RUNTIME_DIR = /run/user/1000
# environment
WM_DIR = /opt/openfoam9/wmake
# environment
APM = /home/cesar/intel/oneapi/advisor/2022.0.0/perfmodels
# environment
VT_ADD_LIBS = -ldwarf -lelf -lvtunwind -lm -lpthread
# environment
LINK_F90 = -z muldefs -L/opt/RogueWave/imsl/fnl-2021.0.0/rdh800in212x64/lib -L/home/cesar/intel/oneapi/mkl/2022.0.1/lib/intel64 -shared-intel -limsl -limslsuperlu -limslhpc_l -limsllapack_vendor -limslblas_vendor -limslmpistub -lmkl_intel_lp64 -lmkl_intel_thread -lmkl_core -lmkl_lapack95_lp64 -liomp5 -Xlinker -rpath -Xlinker /opt/RogueWave/imsl/fnl-2021.0.0/rdh800in212x64/lib -Xlinker -rpath -Xlinker /home/cesar/intel/oneapi/mkl/2022.0.1/lib/intel64
# environment
FNL_COMPILER_VERSION = Intel(R) Fortran Intel(R) 64 Compiler Classic for applications running on Intel(R) 64, Version 2021.2.0 Build 20210228_000000
# environment
LC_CTYPE = pt_BR.UTF-8
# environment
LINK_F90_HPC = -z muldefs -L/opt/RogueWave/imsl/fnl-2021.0.0/rdh800in212x64/lib -L/home/cesar/intel/oneapi/mkl/2022.0.1/lib/intel64 -shared-intel -limsl -limslsuperlu -limslhpc_l -limsllapack_vendor -limslblas_vendor -limslmpistub -lmkl_intel_lp64 -lmkl_intel_thread -lmkl_core -lmkl_lapack95_lp64 -liomp5 -Xlinker -rpath -Xlinker /opt/RogueWave/imsl/fnl-2021.0.0/rdh800in212x64/lib -Xlinker -rpath -Xlinker /home/cesar/intel/oneapi/mkl/2022.0.1/lib/intel64
# environment
CPLUS_INCLUDE_PATH = /home/cesar/intel/oneapi/clck/2021.5.0/include
# environment
MPI_BUFFER_SIZE = 20000000
# environment
JOURNAL_STREAM = 8:32673
# environment
WM_CC = gcc
# environment
XDG_SESSION_CLASS = user
# environment
VSCODE_AMD_ENTRYPOINT = vs/workbench/api/node/extensionHostProcess
# environment
FOAM_UTILITIES = /opt/openfoam9/applications/utilities
# environment
GDB_INFO = /home/cesar/intel/oneapi/debugger/2021.5.0/documentation/info/
# environment
LINK_MPIS_IMSL = -L/opt/RogueWave/imsl/fnl-2021.0.0/rdh800in212x64/lib -Bstatic -Wl,--start-group -limsl -limslsuperlu -limslscalar -limsllapack_imsl -limslblas_imsl -limsls_err -Wl,--end-group -Bdynamic -Xlinker -rpath -Xlinker /home/cesar/intel/oneapi/mkl/2022.0.1/lib/intel64
# environment
HOME = /home/cesar
# environment
IMSL_DIR = /opt/RogueWave/imsl
# environment
QT_IM_MODULE = ibus
# environment
ParaView_INCLUDE_DIR = /opt/paraviewopenfoam56/include/paraview-5.6
# environment
WM_PROJECT_VERSION = 9
# environment
BIN_DIR = /opt/RogueWave/imsl/fnl-2021.0.0/rdh800in212x64/bin
# environment
FOAM_SRC = /opt/openfoam9/src
# environment
ParaView_DIR = /opt/paraviewopenfoam56
# environment
TBBROOT = /home/cesar/intel/oneapi/tbb/2021.5.0/env/..
# environment
VSCODE_IPC_HOOK = /run/user/1000/vscode-a0e10100-1.72.0-main.sock
# environment
ELECTRON_RUN_AS_NODE = 1
# environment
MATHEMATICA_HOME = /usr/local/Wolfram/Mathematica/12.2
# environment
INTEL_PYTHONHOME = /home/cesar/intel/oneapi/debugger/2021.5.0/dep
# environment
IM_CONFIG_PHASE = 1
# environment
FNL_VERSION = 2021.0.0
# environment
WM_ARCH = linux64
# default
.RECIPEPREFIX := 
# environment
ParaView_LIB_DIR = /opt/paraviewopenfoam56/lib
# environment
LIB_ARCH = rdh800in212x64
# environment
VT_SLIB_DIR = /home/cesar/intel/oneapi/itac/2021.5.0/slib
# automatic
<F = $(notdir $<)
# environment
FPGA_VARS_DIR = /home/cesar/intel/oneapi/compiler/2022.0.1/linux/lib/oclfpga
# environment
WM_CXXFLAGS = -m64 -fPIC -std=c++0x
# default
SUFFIXES := 
# environment
LINK_FNL = -z muldefs -L/opt/RogueWave/imsl/fnl-2021.0.0/rdh800in212x64/lib -L/home/cesar/intel/oneapi/mkl/2022.0.1/lib/intel64 -shared-intel -limsl -limslsuperlu -limslhpc_l -limsllapack_vendor -limslblas_vendor -limslmpistub -lmkl_intel_lp64 -lmkl_intel_thread -lmkl_core -lmkl_lapack95_lp64 -liomp5 -Xlinker -rpath -Xlinker /opt/RogueWave/imsl/fnl-2021.0.0/rdh800in212x64/lib -Xlinker -rpath -Xlinker /home/cesar/intel/oneapi/mkl/2022.0.1/lib/intel64
# environment
FPGA_VARS_ARGS = 
# environment
SETVARS_COMPLETED = 1
# environment
FOAM_LIBBIN = /opt/openfoam9/platforms/linux64GccDPInt32Opt/lib
# environment
IPPROOT = /home/cesar/intel/oneapi/ipp/2021.5.1
# environment
WM_COMPILER = Gcc
# default
.FEATURES := target-specific order-only second-expansion else-if shortest-stem undefine oneshell nocomment grouped-target extra-prereqs archives jobserver output-sync check-symlink load
# environment
F90FLAGS = -qopenmp -axCORE-AVX2 -fp-model precise -I/opt/RogueWave/imsl/fnl-2021.0.0/rdh800in212x64/include
# environment
ACL_BOARD_VENDOR_PATH = /opt/Intel/OpenCLFPGA/oneAPI/Boards
# environment
DNNLROOT = /home/cesar/intel/oneapi/dnnl/2022.0.1/cpu_dpcpp_gpu_dpcpp
# environment
ADVISOR_2022_DIR = /home/cesar/intel/oneapi/advisor/2022.0.0
# environment
FOAM_USER_LIBBIN = /home/cesar/OpenFOAM/cesar-9/platforms/linux64GccDPInt32Opt/lib
# environment
FOAM_SITE_LIBBIN = /opt/site/9/platforms/linux64GccDPInt32Opt/lib
# environment
XDG_MENU_PREFIX = gnome-
# environment
WM_COMPILER_LIB_ARCH = 64
# environment
GDMSESSION = ubuntu
# environment
LC_IDENTIFICATION = pt_BR.UTF-8
# makefile (from 'makefile', line 3)
FOPT = -O3
# variable set hash-table stats:
# Load=244/1024=24%, Rehash=0, Collisions=41/276=15%

# Pattern-specific Variable Values

# No pattern-specific variable values.

# Directories

# . (device 64768, inode 18350107): 19 files, no impossibilities.

# 19 files, no impossibilities in 1 directories.

# Implicit Rules

# No implicit rules.

# Files

SSKF1: SSKF1.o
#  Implicit rule search has not been done.
#  Last modified 2022-10-03 16:47:00.583631892
#  File has been updated.
#  Successfully updated.
#  recipe to execute (from 'makefile', line 9):
	$(FC) SSKF1.o -o SSKF1 $(FCCP) $(FFLAGS) $(FOPT)

cleandat:
#  Implicit rule search has not been done.
#  Modification time never checked.
#  File has not been updated.
#  recipe to execute (from 'makefile', line 13):
	rm -f test.dat residual.dat qest* perfil* tempo.dat

clean:
 
#  Implicit rule search has not been done.
#  Modification time never checked.
#  File has not been updated.
#  recipe to execute (from 'makefile', line 11):
	rm -f *.o *.mod SSKF1

cleanall: clean cleandat
#  Implicit rule search has not been done.
#  Modification time never checked.
#  File has not been updated.

# Not a target:
.DEFAULT:
#  Implicit rule search has not been done.
#  Modification time never checked.
#  File has not been updated.

all: SSKF1.o SSKF1
#  Command line target.
#  Implicit rule search has been done.
#  File does not exist.
#  File has been updated.
#  Successfully updated.

# Not a target:
makefile:
#  Implicit rule search has been done.
#  Last modified 2022-09-28 17:44:30.827404
#  File has been updated.
#  Successfully updated.

# Not a target:
SSKF1.f90:
#  Implicit rule search has been done.
#  Last modified 2022-10-03 16:46:56.003735611
#  File has been updated.
#  Successfully updated.

SSKF1.o: SSKF1.f90
#  Implicit rule search has not been done.
#  Last modified 2022-10-03 16:47:00.399635952
#  File has been updated.
#  Successfully updated.
#  recipe to execute (from 'makefile', line 7):
	$(FC) $(FFLAGS) $(FOPT) SSKF1.f90 -c

# files hash-table stats:
# Load=10/1024=1%, Rehash=0, Collisions=0/29=0%
# VPATH Search Paths

# No 'vpath' search paths.

# No general ('VPATH' variable) search path.

# strcache buffers: 1 (0) / strings = 27 / storage = 263 B / avg = 9 B
# current buf: size = 8162 B / used = 263 B / count = 27 / avg = 9 B

# strcache performance: lookups = 46 / hit rate = 41%
# hash-table stats:
# Load=27/8192=0%, Rehash=0, Collisions=0/46=0%
# Finished Make data base on Wed Oct 19 09:29:57 2022

 
